2022-01-16 00:52:27,516 - __name__ - ERROR - 0 div found - #FireKlean gun lube
2022-01-16 00:52:32,009 - __name__ - ERROR - 0 div found - 5.45x39 BS gs 120 pcs. ammo pack
2022-01-16 00:52:35,320 - __name__ - ERROR - 0 div found - 6Kh5 Bayonet
2022-01-16 00:52:39,739 - __name__ - ERROR - 0 div found - ADAR 2-15 5.56x45 carbine
2022-01-16 00:52:40,928 - __name__ - ERROR - 0 div found - AK-101 5.56x45 assault rifle
2022-01-16 00:52:41,030 - __name__ - ERROR - 0 div found - AK-102 5.56x45 assault rifle
2022-01-16 00:52:41,180 - __name__ - ERROR - 0 div found - AK-103 7.62x39 assault rifle
2022-01-16 00:52:41,307 - __name__ - ERROR - 0 div found - AK-104 7.62x39 assault rifle
2022-01-16 00:52:41,411 - __name__ - ERROR - 0 div found - AK-105 5.45x39 assault rifle
2022-01-16 00:52:41,820 - __name__ - ERROR - 0 div found - AK-74M 5.45x39 assault rifle
2022-01-16 00:52:42,134 - __name__ - ERROR - 0 div found - AK-74N 5.45x39 assault rifle
2022-01-16 00:52:42,492 - __name__ - ERROR - 0 div found - AK-74 5.45x39 assault rifle
2022-01-16 00:52:43,865 - __name__ - ERROR - 0 div found - AKMN 7.62x39 assault rifle
2022-01-16 00:52:44,036 - __name__ - ERROR - 0 div found - AKMSN 7.62x39 assault rifle
2022-01-16 00:52:44,140 - __name__ - ERROR - 0 div found - AKMS 7.62x39 assault rifle
2022-01-16 00:52:44,249 - __name__ - ERROR - 0 div found - AKM 7.62x39 assault rifle
2022-01-16 00:52:44,816 - __name__ - ERROR - 0 div found - AKS-74N 5.45x39 assault rifle
2022-01-16 00:52:44,895 - __name__ - ERROR - 0 div found - AKS-74UB 5.45x39 assault rifle
2022-01-16 00:52:44,995 - __name__ - ERROR - 0 div found - AKS-74UN 5.45x39 assault rifle
2022-01-16 00:52:45,051 - __name__ - ERROR - 0 div found - AKS-74U 5.45x39 assault rifle
2022-01-16 00:52:45,542 - __name__ - ERROR - 0 div found - AKS-74 5.45x39 assault rifle
2022-01-16 00:52:50,535 - __name__ - ERROR - 0 div found - APB 9x18PM silenced machine pistol
2022-01-16 00:52:50,888 - __name__ - ERROR - 0 div found - APS 9x18PM machine pistol
2022-01-16 00:52:56,706 - __name__ - ERROR - 0 div found - ASh-12 12.7x55 assault rifle
2022-01-16 00:52:57,093 - __name__ - ERROR - 0 div found - AS VAL 9x39 suppressed assault rifle
2022-01-16 00:52:57,875 - __name__ - ERROR - 0 div found - B&T MP9-N 9x19 submachine gun
2022-01-16 00:52:57,926 - __name__ - ERROR - 0 div found - B&T MP9 9x19 submachine gun
2022-01-16 00:52:58,300 - __name__ - ERROR - 0 div found - Bars A-2607 - 95x18 knife
2022-01-16 00:52:58,348 - __name__ - ERROR - 0 div found - Bars A-2607 Damascus knife
2022-01-16 00:52:58,876 - __name__ - ERROR - 0 div found - Beretta M9A3 9x19 pistol
2022-01-16 00:53:00,476 - __name__ - ERROR - 0 div found - Camper axe
2022-01-16 00:53:01,608 - __name__ - ERROR - 0 div found - CMMG Mk47 Mutant 7.62x39 assault rifle
2022-01-16 00:53:01,883 - __name__ - ERROR - 0 div found - Colt M1911A1 .45 ACP pistol
2022-01-16 00:53:01,934 - __name__ - ERROR - 0 div found - Colt M45A1 .45 ACP pistol
2022-01-16 00:53:02,023 - __name__ - ERROR - 0 div found - Colt M4A1 5.56x45 assault rifle
2022-01-16 00:53:02,482 - __name__ - ERROR - 0 div found - Crash Axe
2022-01-16 00:53:02,918 - __name__ - ERROR - 0 div found - Cultist knife
