2022-01-16 00:05:38,599 - __name__ - ERROR - 0 div found - #FireKlean gun lube
2022-01-16 00:05:43,050 - __name__ - ERROR - 0 div found - 5.45x39 BS gs 120 pcs. ammo pack
2022-01-16 00:05:46,422 - __name__ - ERROR - 0 div found - 6Kh5 Bayonet
2022-01-16 00:05:50,790 - __name__ - ERROR - 0 div found - ADAR 2-15 5.56x45 carbine
2022-01-16 00:05:51,956 - __name__ - ERROR - 0 div found - AK-101 5.56x45 assault rifle
2022-01-16 00:05:52,052 - __name__ - ERROR - 0 div found - AK-102 5.56x45 assault rifle
2022-01-16 00:05:52,194 - __name__ - ERROR - 0 div found - AK-103 7.62x39 assault rifle
2022-01-16 00:05:52,316 - __name__ - ERROR - 0 div found - AK-104 7.62x39 assault rifle
2022-01-16 00:05:52,413 - __name__ - ERROR - 0 div found - AK-105 5.45x39 assault rifle
2022-01-16 00:05:52,804 - __name__ - ERROR - 0 div found - AK-74M 5.45x39 assault rifle
2022-01-16 00:05:53,105 - __name__ - ERROR - 0 div found - AK-74N 5.45x39 assault rifle
2022-01-16 00:05:53,447 - __name__ - ERROR - 0 div found - AK-74 5.45x39 assault rifle
2022-01-16 00:05:54,818 - __name__ - ERROR - 0 div found - AKMN 7.62x39 assault rifle
2022-01-16 00:05:54,982 - __name__ - ERROR - 0 div found - AKMSN 7.62x39 assault rifle
2022-01-16 00:05:55,080 - __name__ - ERROR - 0 div found - AKMS 7.62x39 assault rifle
2022-01-16 00:05:55,184 - __name__ - ERROR - 0 div found - AKM 7.62x39 assault rifle
2022-01-16 00:05:55,721 - __name__ - ERROR - 0 div found - AKS-74N 5.45x39 assault rifle
2022-01-16 00:05:55,798 - __name__ - ERROR - 0 div found - AKS-74UB 5.45x39 assault rifle
2022-01-16 00:05:55,892 - __name__ - ERROR - 0 div found - AKS-74UN 5.45x39 assault rifle
2022-01-16 00:05:55,945 - __name__ - ERROR - 0 div found - AKS-74U 5.45x39 assault rifle
2022-01-16 00:05:56,414 - __name__ - ERROR - 0 div found - AKS-74 5.45x39 assault rifle
2022-01-16 00:06:01,267 - __name__ - ERROR - 0 div found - APB 9x18PM silenced machine pistol
2022-01-16 00:06:01,617 - __name__ - ERROR - 0 div found - APS 9x18PM machine pistol
2022-01-16 00:06:07,512 - __name__ - ERROR - 0 div found - ASh-12 12.7x55 assault rifle
2022-01-16 00:06:07,914 - __name__ - ERROR - 0 div found - AS VAL 9x39 suppressed assault rifle
2022-01-16 00:06:08,690 - __name__ - ERROR - 0 div found - B&T MP9-N 9x19 submachine gun
2022-01-16 00:06:08,740 - __name__ - ERROR - 0 div found - B&T MP9 9x19 submachine gun
2022-01-16 00:06:09,149 - __name__ - ERROR - 0 div found - Bars A-2607 - 95x18 knife
2022-01-16 00:06:09,201 - __name__ - ERROR - 0 div found - Bars A-2607 Damascus knife
2022-01-16 00:06:09,748 - __name__ - ERROR - 0 div found - Beretta M9A3 9x19 pistol
2022-01-16 00:06:11,344 - __name__ - ERROR - 0 div found - Camper axe
2022-01-16 00:06:12,480 - __name__ - ERROR - 0 div found - CMMG Mk47 Mutant 7.62x39 assault rifle
2022-01-16 00:06:12,748 - __name__ - ERROR - 0 div found - Colt M1911A1 .45 ACP pistol
2022-01-16 00:06:12,797 - __name__ - ERROR - 0 div found - Colt M45A1 .45 ACP pistol
2022-01-16 00:06:12,887 - __name__ - ERROR - 0 div found - Colt M4A1 5.56x45 assault rifle
2022-01-16 00:06:13,334 - __name__ - ERROR - 0 div found - Crash Axe
2022-01-16 00:06:13,753 - __name__ - ERROR - 0 div found - Cultist knife
2022-01-16 00:06:14,462 - __name__ - ERROR - 0 div found - Desert Tech MDR 5.56x45 assault rifle
2022-01-16 00:06:14,516 - __name__ - ERROR - 0 div found - Desert Tech MDR 7.62x51 assault rifle
2022-01-16 00:06:16,283 - __name__ - ERROR - 0 div found - Drawer
2022-01-16 00:06:16,405 - __name__ - ERROR - 0 div found - DS Arms SA-58 7.62x51 assault rifle
2022-01-16 00:06:18,254 - __name__ - ERROR - 0 div found - ER FULCRUM BAYONET
2022-01-16 00:06:19,589 - __name__ - ERROR - 0 div found - FN40GL Mk2 grenade launcher
2022-01-16 00:06:19,820 - __name__ - ERROR - 0 div found - FN Five-seveN MK2 5.7x28 pistol
2022-01-16 00:06:19,869 - __name__ - ERROR - 0 div found - FN Five-seveN MK2 5.7x28 pistol (Flat Dark Earth)
2022-01-16 00:06:20,312 - __name__ - ERROR - 0 div found - FN P90 5.7x28 submachine gun
2022-01-16 00:06:21,221 - __name__ - ERROR - 0 div found - FN SCAR-H 7.62x51 assault rifle
2022-01-16 00:06:21,272 - __name__ - ERROR - 0 div found - FN SCAR-H 7.62x51 assault rifle (FDE)
2022-01-16 00:06:21,675 - __name__ - ERROR - 0 div found - FN SCAR-L 5.56x45 assault rifle
2022-01-16 00:06:21,750 - __name__ - ERROR - 0 div found - FN SCAR-L 5.56x45 assault rifle (FDE)
2022-01-16 00:06:22,956 - __name__ - ERROR - 0 div found - Freeman crowbar
2022-01-16 00:06:24,144 - __name__ - ERROR - 0 div found - Glock 17 9x19 pistol
2022-01-16 00:06:24,245 - __name__ - ERROR - 0 div found - Glock 18C 9x19 machine pistol
2022-01-16 00:06:31,126 - __name__ - ERROR - 0 div found - HK 416A5 5.56x45 assault rifle
2022-01-16 00:06:31,979 - __name__ - ERROR - 0 div found - HK G28 7.62x51 marksman rifle
2022-01-16 00:06:32,183 - __name__ - ERROR - 0 div found - HK MP5K 9x19 submachine gun
2022-01-16 00:06:32,238 - __name__ - ERROR - 0 div found - HK MP5 9x19 submachine gun (Navy 3 Round Burst)
2022-01-16 00:06:32,343 - __name__ - ERROR - 0 div found - HK MP7A1 4.6x30 submachine gun
2022-01-16 00:06:32,398 - __name__ - ERROR - 0 div found - HK MP7A2 4.6x30 submachine gun
2022-01-16 00:06:32,748 - __name__ - ERROR - 0 div found - HK UMP .45 ACP submachine gun
2022-01-16 00:06:33,139 - __name__ - ERROR - 0 div found - HK USP .45 ACP Pistol
2022-01-16 00:06:36,602 - __name__ - ERROR - 0 div found - Kel-Tec RFB 7.62x51 carbine
2022-01-16 00:06:36,962 - __name__ - ERROR - 0 div found - Kiba Arms Tactical Tomahawk
2022-01-16 00:06:37,359 - __name__ - ERROR - 0 div found - Knight's Armament Company SR-25 7.62x51 marksman rifle
2022-01-16 00:06:39,792 - __name__ - ERROR - 0 div found - LOBAEV Arms DVL-10 Saboteur .308 bolt-action sniper rifle
2022-01-16 00:06:39,845 - __name__ - ERROR - 0 div found - Lone Star TX-15 DML 5.56x45 carbine
2022-01-16 00:06:48,519 - __name__ - ERROR - 0 div found - Miller Bros. Blades M-2 Tactical Sword
2022-01-16 00:06:49,122 - __name__ - ERROR - 0 div found - Molot VPO-136 Vepr KM 7.62x39 carbine
2022-01-16 00:06:49,177 - __name__ - ERROR - 0 div found - Molot VPO-209 .366 TKM carbine
2022-01-16 00:06:49,226 - __name__ - ERROR - 0 div found - Molot VPO-215 "Gornostay" .366 TKM bolt-action rifle
2022-01-16 00:06:49,601 - __name__ - ERROR - 0 div found - Mosin 7.62x54R bolt-action infantry rifle
2022-01-16 00:06:49,654 - __name__ - ERROR - 0 div found - Mosin 7.62x54R bolt-action sniper rifle
2022-01-16 00:06:51,044 - __name__ - ERROR - 0 div found - Mossberg 590A1 12ga pump-action shotgun
2022-01-16 00:06:51,979 - __name__ - ERROR - 0 div found - MP-133 12ga pump-action shotgun
2022-01-16 00:06:52,520 - __name__ - ERROR - 0 div found - MP-153 12ga semi-automatic shotgun
2022-01-16 00:06:52,660 - __name__ - ERROR - 0 div found - MP-155 12ga semi-automatic shotgun
2022-01-16 00:06:53,382 - __name__ - ERROR - 0 div found - MP-43-1C 12ga 725mm barrel
2022-01-16 00:06:53,430 - __name__ - ERROR - 0 div found - MP-43-1C 12ga double-barrel shotgun
2022-01-16 00:06:55,941 - __name__ - ERROR - 0 div found - MPL-50 entrenching tool
2022-01-16 00:06:57,846 - __name__ - ERROR - 0 div found - MTs-255-12 12ga shotgun
2022-01-16 00:07:00,418 - __name__ - ERROR - 0 div found - Orsis T-5000M .308 bolt-action sniper rifle
2022-01-16 00:07:02,771 - __name__ - ERROR - 0 div found - PB 9x18PM silenced pistol
2022-01-16 00:07:03,597 - __name__ - ERROR - 0 div found - PL-15 9x19 pistol
2022-01-16 00:07:04,126 - __name__ - ERROR - 0 div found - PM "Makarov" 9x18PM pistol
2022-01-16 00:07:04,204 - __name__ - ERROR - 0 div found - PM (t) "Makarov" 9x18PM pistol
2022-01-16 00:07:05,136 - __name__ - ERROR - 0 div found - PP-19-01 Vityaz-SN 9x19 submachine gun
2022-01-16 00:07:05,435 - __name__ - ERROR - 0 div found - PP-91-01 Kedr-B 9x18PM submachine gun
2022-01-16 00:07:05,649 - __name__ - ERROR - 0 div found - PP-91 Kedr 9x18PM submachine gun
2022-01-16 00:07:05,784 - __name__ - ERROR - 0 div found - PP-9 Klin 9x18PMM submachine gun
2022-01-16 00:07:05,996 - __name__ - ERROR - 0 div found - PPSh-41 7.62x25 submachine gun
2022-01-16 00:07:08,949 - __name__ - ERROR - 0 div found - Red Rebel ice pick
2022-01-16 00:07:10,416 - __name__ - ERROR - 0 div found - Remington Model 700 .308 bolt-action sniper rifle
2022-01-16 00:07:10,469 - __name__ - ERROR - 0 div found - Remington Model 870 12ga pump-action shotgun
2022-01-16 00:07:10,522 - __name__ - ERROR - 0 div found - Remington R11 RSASS 7.62x51 marksman rifle
2022-01-16 00:07:12,341 - __name__ - ERROR - 0 div found - RPK-16 5.45x39 light machine gun
2022-01-16 00:07:14,600 - __name__ - ERROR - 0 div found - Saiga-9 9x19 carbine
2022-01-16 00:07:14,699 - __name__ - ERROR - 0 div found - Saiga 12ga ver.10 12%576 semi-automatic shotgun
2022-01-16 00:07:15,729 - __name__ - ERROR - 0 div found - Serdyukov SR-1MP Gyurza 9x21 pistol
2022-01-16 00:07:16,545 - __name__ - ERROR - 0 div found - SIG MCX .300 AAC Blackout assault rifle
2022-01-16 00:07:16,625 - __name__ - ERROR - 0 div found - SIG MPX 9x19 submachine gun
2022-01-16 00:07:16,691 - __name__ - ERROR - 0 div found - SIG P226R 9x19 pistol
2022-01-16 00:07:18,145 - __name__ - ERROR - 0 div found - Simonov OP-SKS 7.62x39 semi-automatic carbine (Hunting Rifle Version)
2022-01-16 00:07:18,197 - __name__ - ERROR - 0 div found - Simonov SKS 7.62x39 semi-automatic carbine
2022-01-16 00:07:20,621 - __name__ - ERROR - 0 div found - SP-8 Survival Machete
2022-01-16 00:07:20,858 - __name__ - ERROR - 0 div found - Springfield Armory M1A 7.62x51 carbine
2022-01-16 00:07:22,323 - __name__ - ERROR - 0 div found - STM-9 Gen.2 9x19 carbine
2022-01-16 00:07:22,915 - __name__ - ERROR - 0 div found - Superfors DB 2020 Dead Blow Hammer
2022-01-16 00:07:23,309 - __name__ - ERROR - 0 div found - SV-98 7.62x54R bolt-action sniper rifle
2022-01-16 00:07:23,932 - __name__ - ERROR - 0 div found - SVDS 7.62x54R sniper rifle
2022-01-16 00:07:25,000 - __name__ - ERROR - 0 div found - SWORD International Mk-18 .338 LM marksman rifle
2022-01-16 00:07:26,002 - __name__ - ERROR - 0 div found - TDI KRISS Vector Gen.2 .45 ACP submachine gun
2022-01-16 00:07:26,055 - __name__ - ERROR - 0 div found - TDI KRISS Vector Gen.2 9x19 submachine gun
2022-01-16 00:07:27,203 - __name__ - ERROR - 0 div found - TOZ-106 20ga bolt-action shotgun
2022-01-16 00:07:27,576 - __name__ - ERROR - 0 div found - TOZ KS-23M 23x75mm pump-action shotgun
2022-01-16 00:07:28,660 - __name__ - ERROR - 0 div found - TT-33 7.62x25 TT pistol
2022-01-16 00:07:28,715 - __name__ - ERROR - 0 div found - TT-33 7.62x25 TT pistol (Gold)
2022-01-16 00:07:30,743 - __name__ - ERROR - 0 div found - UVSR Taiga-1 survival machete
2022-01-16 00:07:32,278 - __name__ - ERROR - 0 div found - VPO-101 Vepr Hunter 7.62x51 carbine
2022-01-16 00:07:33,589 - __name__ - ERROR - 0 div found - VSS Vintorez 9x39 Special Sniper Rifle
2022-01-16 00:07:35,294 - __name__ - ERROR - 0 div found - Yarygin MP-443 Grach 9x19 pistol
