2022-01-16 00:10:39,600 - __name__ - ERROR - 0 div found - #FireKlean gun lube
2022-01-16 00:10:43,975 - __name__ - ERROR - 0 div found - 5.45x39 BS gs 120 pcs. ammo pack
2022-01-16 00:10:47,235 - __name__ - ERROR - 0 div found - 6Kh5 Bayonet
2022-01-16 00:10:51,497 - __name__ - ERROR - 0 div found - ADAR 2-15 5.56x45 carbine
2022-01-16 00:10:52,649 - __name__ - ERROR - 0 div found - AK-101 5.56x45 assault rifle
2022-01-16 00:10:52,747 - __name__ - ERROR - 0 div found - AK-102 5.56x45 assault rifle
2022-01-16 00:10:52,891 - __name__ - ERROR - 0 div found - AK-103 7.62x39 assault rifle
2022-01-16 00:10:53,016 - __name__ - ERROR - 0 div found - AK-104 7.62x39 assault rifle
2022-01-16 00:10:53,115 - __name__ - ERROR - 0 div found - AK-105 5.45x39 assault rifle
2022-01-16 00:10:53,515 - __name__ - ERROR - 0 div found - AK-74M 5.45x39 assault rifle
2022-01-16 00:10:53,820 - __name__ - ERROR - 0 div found - AK-74N 5.45x39 assault rifle
2022-01-16 00:10:54,160 - __name__ - ERROR - 0 div found - AK-74 5.45x39 assault rifle
2022-01-16 00:10:55,475 - __name__ - ERROR - 0 div found - AKMN 7.62x39 assault rifle
2022-01-16 00:10:55,639 - __name__ - ERROR - 0 div found - AKMSN 7.62x39 assault rifle
2022-01-16 00:10:55,739 - __name__ - ERROR - 0 div found - AKMS 7.62x39 assault rifle
2022-01-16 00:10:55,843 - __name__ - ERROR - 0 div found - AKM 7.62x39 assault rifle
2022-01-16 00:10:56,383 - __name__ - ERROR - 0 div found - AKS-74N 5.45x39 assault rifle
2022-01-16 00:10:56,463 - __name__ - ERROR - 0 div found - AKS-74UB 5.45x39 assault rifle
2022-01-16 00:10:56,559 - __name__ - ERROR - 0 div found - AKS-74UN 5.45x39 assault rifle
2022-01-16 00:10:56,613 - __name__ - ERROR - 0 div found - AKS-74U 5.45x39 assault rifle
2022-01-16 00:10:57,081 - __name__ - ERROR - 0 div found - AKS-74 5.45x39 assault rifle
2022-01-16 00:11:01,849 - __name__ - ERROR - 0 div found - APB 9x18PM silenced machine pistol
2022-01-16 00:11:02,192 - __name__ - ERROR - 0 div found - APS 9x18PM machine pistol
2022-01-16 00:11:07,781 - __name__ - ERROR - 0 div found - ASh-12 12.7x55 assault rifle
2022-01-16 00:11:08,159 - __name__ - ERROR - 0 div found - AS VAL 9x39 suppressed assault rifle
2022-01-16 00:11:08,914 - __name__ - ERROR - 0 div found - B&T MP9-N 9x19 submachine gun
2022-01-16 00:11:08,962 - __name__ - ERROR - 0 div found - B&T MP9 9x19 submachine gun
2022-01-16 00:11:09,322 - __name__ - ERROR - 0 div found - Bars A-2607 - 95x18 knife
2022-01-16 00:11:09,367 - __name__ - ERROR - 0 div found - Bars A-2607 Damascus knife
2022-01-16 00:11:09,876 - __name__ - ERROR - 0 div found - Beretta M9A3 9x19 pistol
2022-01-16 00:11:11,432 - __name__ - ERROR - 0 div found - Camper axe
2022-01-16 00:11:12,572 - __name__ - ERROR - 0 div found - CMMG Mk47 Mutant 7.62x39 assault rifle
2022-01-16 00:11:12,844 - __name__ - ERROR - 0 div found - Colt M1911A1 .45 ACP pistol
2022-01-16 00:11:12,893 - __name__ - ERROR - 0 div found - Colt M45A1 .45 ACP pistol
2022-01-16 00:11:12,984 - __name__ - ERROR - 0 div found - Colt M4A1 5.56x45 assault rifle
2022-01-16 00:11:13,424 - __name__ - ERROR - 0 div found - Crash Axe
2022-01-16 00:11:13,847 - __name__ - ERROR - 0 div found - Cultist knife
2022-01-16 00:11:14,534 - __name__ - ERROR - 0 div found - Desert Tech MDR 5.56x45 assault rifle
2022-01-16 00:11:14,586 - __name__ - ERROR - 0 div found - Desert Tech MDR 7.62x51 assault rifle
2022-01-16 00:11:16,182 - __name__ - ERROR - 0 div found - Drawer
2022-01-16 00:11:16,285 - __name__ - ERROR - 0 div found - DS Arms SA-58 7.62x51 assault rifle
2022-01-16 00:11:17,874 - __name__ - ERROR - 0 div found - ER FULCRUM BAYONET
2022-01-16 00:11:19,128 - __name__ - ERROR - 0 div found - FN40GL Mk2 grenade launcher
2022-01-16 00:11:19,354 - __name__ - ERROR - 0 div found - FN Five-seveN MK2 5.7x28 pistol
2022-01-16 00:11:19,403 - __name__ - ERROR - 0 div found - FN Five-seveN MK2 5.7x28 pistol (Flat Dark Earth)
2022-01-16 00:11:19,829 - __name__ - ERROR - 0 div found - FN P90 5.7x28 submachine gun
2022-01-16 00:11:20,710 - __name__ - ERROR - 0 div found - FN SCAR-H 7.62x51 assault rifle
2022-01-16 00:11:20,760 - __name__ - ERROR - 0 div found - FN SCAR-H 7.62x51 assault rifle (FDE)
2022-01-16 00:11:21,158 - __name__ - ERROR - 0 div found - FN SCAR-L 5.56x45 assault rifle
2022-01-16 00:11:21,234 - __name__ - ERROR - 0 div found - FN SCAR-L 5.56x45 assault rifle (FDE)
2022-01-16 00:11:22,432 - __name__ - ERROR - 0 div found - Freeman crowbar
2022-01-16 00:11:23,616 - __name__ - ERROR - 0 div found - Glock 17 9x19 pistol
2022-01-16 00:11:23,712 - __name__ - ERROR - 0 div found - Glock 18C 9x19 machine pistol
2022-01-16 00:11:30,245 - __name__ - ERROR - 0 div found - HK 416A5 5.56x45 assault rifle
2022-01-16 00:11:31,088 - __name__ - ERROR - 0 div found - HK G28 7.62x51 marksman rifle
2022-01-16 00:11:31,291 - __name__ - ERROR - 0 div found - HK MP5K 9x19 submachine gun
2022-01-16 00:11:31,345 - __name__ - ERROR - 0 div found - HK MP5 9x19 submachine gun (Navy 3 Round Burst)
2022-01-16 00:11:31,442 - __name__ - ERROR - 0 div found - HK MP7A1 4.6x30 submachine gun
2022-01-16 00:11:31,497 - __name__ - ERROR - 0 div found - HK MP7A2 4.6x30 submachine gun
2022-01-16 00:11:31,838 - __name__ - ERROR - 0 div found - HK UMP .45 ACP submachine gun
2022-01-16 00:11:32,217 - __name__ - ERROR - 0 div found - HK USP .45 ACP Pistol
2022-01-16 00:11:35,651 - __name__ - ERROR - 0 div found - Kel-Tec RFB 7.62x51 carbine
2022-01-16 00:11:36,000 - __name__ - ERROR - 0 div found - Kiba Arms Tactical Tomahawk
2022-01-16 00:11:36,407 - __name__ - ERROR - 0 div found - Knight's Armament Company SR-25 7.62x51 marksman rifle
2022-01-16 00:11:38,834 - __name__ - ERROR - 0 div found - LOBAEV Arms DVL-10 Saboteur .308 bolt-action sniper rifle
2022-01-16 00:11:38,886 - __name__ - ERROR - 0 div found - Lone Star TX-15 DML 5.56x45 carbine
2022-01-16 00:11:47,607 - __name__ - ERROR - 0 div found - Miller Bros. Blades M-2 Tactical Sword
2022-01-16 00:11:48,212 - __name__ - ERROR - 0 div found - Molot VPO-136 Vepr KM 7.62x39 carbine
2022-01-16 00:11:48,268 - __name__ - ERROR - 0 div found - Molot VPO-209 .366 TKM carbine
2022-01-16 00:11:48,316 - __name__ - ERROR - 0 div found - Molot VPO-215 "Gornostay" .366 TKM bolt-action rifle
2022-01-16 00:11:48,687 - __name__ - ERROR - 0 div found - Mosin 7.62x54R bolt-action infantry rifle
2022-01-16 00:11:48,741 - __name__ - ERROR - 0 div found - Mosin 7.62x54R bolt-action sniper rifle
2022-01-16 00:11:50,131 - __name__ - ERROR - 0 div found - Mossberg 590A1 12ga pump-action shotgun
2022-01-16 00:11:51,076 - __name__ - ERROR - 0 div found - MP-133 12ga pump-action shotgun
2022-01-16 00:11:51,618 - __name__ - ERROR - 0 div found - MP-153 12ga semi-automatic shotgun
2022-01-16 00:11:51,758 - __name__ - ERROR - 0 div found - MP-155 12ga semi-automatic shotgun
2022-01-16 00:11:52,488 - __name__ - ERROR - 0 div found - MP-43-1C 12ga 725mm barrel
2022-01-16 00:11:52,536 - __name__ - ERROR - 0 div found - MP-43-1C 12ga double-barrel shotgun
2022-01-16 00:11:55,341 - __name__ - ERROR - 0 div found - MPL-50 entrenching tool
2022-01-16 00:11:57,346 - __name__ - ERROR - 0 div found - MTs-255-12 12ga shotgun
2022-01-16 00:11:59,928 - __name__ - ERROR - 0 div found - Orsis T-5000M .308 bolt-action sniper rifle
2022-01-16 00:12:02,333 - __name__ - ERROR - 0 div found - PB 9x18PM silenced pistol
2022-01-16 00:12:03,179 - __name__ - ERROR - 0 div found - PL-15 9x19 pistol
2022-01-16 00:12:03,715 - __name__ - ERROR - 0 div found - PM "Makarov" 9x18PM pistol
2022-01-16 00:12:03,789 - __name__ - ERROR - 0 div found - PM (t) "Makarov" 9x18PM pistol
2022-01-16 00:12:04,767 - __name__ - ERROR - 0 div found - PP-19-01 Vityaz-SN 9x19 submachine gun
2022-01-16 00:12:05,076 - __name__ - ERROR - 0 div found - PP-91-01 Kedr-B 9x18PM submachine gun
2022-01-16 00:12:05,303 - __name__ - ERROR - 0 div found - PP-91 Kedr 9x18PM submachine gun
2022-01-16 00:12:05,443 - __name__ - ERROR - 0 div found - PP-9 Klin 9x18PMM submachine gun
2022-01-16 00:12:05,660 - __name__ - ERROR - 0 div found - PPSh-41 7.62x25 submachine gun
2022-01-16 00:12:08,933 - __name__ - ERROR - 0 div found - Red Rebel ice pick
2022-01-16 00:12:10,521 - __name__ - ERROR - 0 div found - Remington Model 700 .308 bolt-action sniper rifle
2022-01-16 00:12:10,575 - __name__ - ERROR - 0 div found - Remington Model 870 12ga pump-action shotgun
2022-01-16 00:12:10,632 - __name__ - ERROR - 0 div found - Remington R11 RSASS 7.62x51 marksman rifle
2022-01-16 00:12:12,465 - __name__ - ERROR - 0 div found - RPK-16 5.45x39 light machine gun
2022-01-16 00:12:14,663 - __name__ - ERROR - 0 div found - Saiga-9 9x19 carbine
2022-01-16 00:12:14,764 - __name__ - ERROR - 0 div found - Saiga 12ga ver.10 12%576 semi-automatic shotgun
2022-01-16 00:12:15,720 - __name__ - ERROR - 0 div found - Serdyukov SR-1MP Gyurza 9x21 pistol
2022-01-16 00:12:16,455 - __name__ - ERROR - 0 div found - SIG MCX .300 AAC Blackout assault rifle
2022-01-16 00:12:16,513 - __name__ - ERROR - 0 div found - SIG MPX 9x19 submachine gun
2022-01-16 00:12:16,571 - __name__ - ERROR - 0 div found - SIG P226R 9x19 pistol
2022-01-16 00:12:17,892 - __name__ - ERROR - 0 div found - Simonov OP-SKS 7.62x39 semi-automatic carbine (Hunting Rifle Version)
2022-01-16 00:12:17,945 - __name__ - ERROR - 0 div found - Simonov SKS 7.62x39 semi-automatic carbine
2022-01-16 00:12:20,046 - __name__ - ERROR - 0 div found - SP-8 Survival Machete
2022-01-16 00:12:20,240 - __name__ - ERROR - 0 div found - Springfield Armory M1A 7.62x51 carbine
2022-01-16 00:12:21,588 - __name__ - ERROR - 0 div found - STM-9 Gen.2 9x19 carbine
2022-01-16 00:12:22,171 - __name__ - ERROR - 0 div found - Superfors DB 2020 Dead Blow Hammer
2022-01-16 00:12:22,564 - __name__ - ERROR - 0 div found - SV-98 7.62x54R bolt-action sniper rifle
2022-01-16 00:12:23,153 - __name__ - ERROR - 0 div found - SVDS 7.62x54R sniper rifle
2022-01-16 00:12:24,224 - __name__ - ERROR - 0 div found - SWORD International Mk-18 .338 LM marksman rifle
2022-01-16 00:12:25,246 - __name__ - ERROR - 0 div found - TDI KRISS Vector Gen.2 .45 ACP submachine gun
2022-01-16 00:12:25,298 - __name__ - ERROR - 0 div found - TDI KRISS Vector Gen.2 9x19 submachine gun
2022-01-16 00:12:26,483 - __name__ - ERROR - 0 div found - TOZ-106 20ga bolt-action shotgun
2022-01-16 00:12:26,866 - __name__ - ERROR - 0 div found - TOZ KS-23M 23x75mm pump-action shotgun
2022-01-16 00:12:27,984 - __name__ - ERROR - 0 div found - TT-33 7.62x25 TT pistol
2022-01-16 00:12:28,040 - __name__ - ERROR - 0 div found - TT-33 7.62x25 TT pistol (Gold)
2022-01-16 00:12:30,098 - __name__ - ERROR - 0 div found - UVSR Taiga-1 survival machete
2022-01-16 00:12:31,635 - __name__ - ERROR - 0 div found - VPO-101 Vepr Hunter 7.62x51 carbine
2022-01-16 00:12:32,942 - __name__ - ERROR - 0 div found - VSS Vintorez 9x39 Special Sniper Rifle
2022-01-16 00:12:34,659 - __name__ - ERROR - 0 div found - Yarygin MP-443 Grach 9x19 pistol
